[0.859s] Invoking command in '/home/faruk/ros2_ws/src/obstacle_avoidance': PYTHONPATH=/home/faruk/ros2_ws/build/obstacle_avoidance/prefix_override:/usr/lib/python3/dist-packages/colcon_core/task/python/colcon_distutils_commands:/home/faruk/ros2_ws/install/obstacle_avoidance/lib/python3.10/site-packages:${PYTHONPATH} /usr/bin/python3 -W ignore:setup.py install is deprecated -W ignore:easy_install command is deprecated setup.py egg_info --egg-base ../../build/obstacle_avoidance build --build-base /home/faruk/ros2_ws/build/obstacle_avoidance/build install --record /home/faruk/ros2_ws/build/obstacle_avoidance/install.log --single-version-externally-managed install_data
[1.122s] running egg_info
[1.124s] creating ../../build/obstacle_avoidance/obstacle_avoidance.egg-info
[1.124s] writing ../../build/obstacle_avoidance/obstacle_avoidance.egg-info/PKG-INFO
[1.124s] writing dependency_links to ../../build/obstacle_avoidance/obstacle_avoidance.egg-info/dependency_links.txt
[1.124s] writing entry points to ../../build/obstacle_avoidance/obstacle_avoidance.egg-info/entry_points.txt
[1.124s] writing requirements to ../../build/obstacle_avoidance/obstacle_avoidance.egg-info/requires.txt
[1.125s] writing top-level names to ../../build/obstacle_avoidance/obstacle_avoidance.egg-info/top_level.txt
[1.125s] writing manifest file '../../build/obstacle_avoidance/obstacle_avoidance.egg-info/SOURCES.txt'
[1.129s] reading manifest file '../../build/obstacle_avoidance/obstacle_avoidance.egg-info/SOURCES.txt'
[1.130s] writing manifest file '../../build/obstacle_avoidance/obstacle_avoidance.egg-info/SOURCES.txt'
[1.130s] running build
[1.130s] running build_py
[1.130s] creating /home/faruk/ros2_ws/build/obstacle_avoidance/build
[1.130s] creating /home/faruk/ros2_ws/build/obstacle_avoidance/build/lib
[1.130s] creating /home/faruk/ros2_ws/build/obstacle_avoidance/build/lib/obstacle_avoidance
[1.131s] copying obstacle_avoidance/avoid_node.py -> /home/faruk/ros2_ws/build/obstacle_avoidance/build/lib/obstacle_avoidance
[1.131s] copying obstacle_avoidance/__init__.py -> /home/faruk/ros2_ws/build/obstacle_avoidance/build/lib/obstacle_avoidance
[1.131s] running install
[1.132s] running install_lib
[1.133s] creating /home/faruk/ros2_ws/install/obstacle_avoidance/lib/python3.10/site-packages/obstacle_avoidance
[1.133s] copying /home/faruk/ros2_ws/build/obstacle_avoidance/build/lib/obstacle_avoidance/avoid_node.py -> /home/faruk/ros2_ws/install/obstacle_avoidance/lib/python3.10/site-packages/obstacle_avoidance
[1.133s] copying /home/faruk/ros2_ws/build/obstacle_avoidance/build/lib/obstacle_avoidance/__init__.py -> /home/faruk/ros2_ws/install/obstacle_avoidance/lib/python3.10/site-packages/obstacle_avoidance
[1.135s] byte-compiling /home/faruk/ros2_ws/install/obstacle_avoidance/lib/python3.10/site-packages/obstacle_avoidance/avoid_node.py to avoid_node.cpython-310.pyc
[1.136s] byte-compiling /home/faruk/ros2_ws/install/obstacle_avoidance/lib/python3.10/site-packages/obstacle_avoidance/__init__.py to __init__.cpython-310.pyc
[1.136s] running install_data
[1.136s] creating /home/faruk/ros2_ws/install/obstacle_avoidance/share/ament_index
[1.136s] creating /home/faruk/ros2_ws/install/obstacle_avoidance/share/ament_index/resource_index
[1.136s] creating /home/faruk/ros2_ws/install/obstacle_avoidance/share/ament_index/resource_index/packages
[1.136s] copying resource/obstacle_avoidance -> /home/faruk/ros2_ws/install/obstacle_avoidance/share/ament_index/resource_index/packages
[1.136s] copying package.xml -> /home/faruk/ros2_ws/install/obstacle_avoidance/share/obstacle_avoidance
[1.136s] running install_egg_info
[1.141s] Copying ../../build/obstacle_avoidance/obstacle_avoidance.egg-info to /home/faruk/ros2_ws/install/obstacle_avoidance/lib/python3.10/site-packages/obstacle_avoidance-0.0.0-py3.10.egg-info
[1.141s] running install_scripts
[1.174s] Installing detect_and_stop script to /home/faruk/ros2_ws/install/obstacle_avoidance/lib/obstacle_avoidance
[1.175s] writing list of installed files to '/home/faruk/ros2_ws/build/obstacle_avoidance/install.log'
[1.247s] Invoked command in '/home/faruk/ros2_ws/src/obstacle_avoidance' returned '0': PYTHONPATH=/home/faruk/ros2_ws/build/obstacle_avoidance/prefix_override:/usr/lib/python3/dist-packages/colcon_core/task/python/colcon_distutils_commands:/home/faruk/ros2_ws/install/obstacle_avoidance/lib/python3.10/site-packages:${PYTHONPATH} /usr/bin/python3 -W ignore:setup.py install is deprecated -W ignore:easy_install command is deprecated setup.py egg_info --egg-base ../../build/obstacle_avoidance build --build-base /home/faruk/ros2_ws/build/obstacle_avoidance/build install --record /home/faruk/ros2_ws/build/obstacle_avoidance/install.log --single-version-externally-managed install_data
